2023-03-28T22:56:58+00:00 CRITICAL Uncaught ReflectionException: Method ElementorPro\Modules\ThemeBuilder\Documents\Section::get_site_editor_type() does not exist in /var/www/html/web3/wp-content/plugins/elementor-pro/modules/theme-builder/documents/theme-document.php:48
Stack trace:
#0 /var/www/html/web3/wp-content/plugins/elementor-pro/modules/theme-builder/documents/theme-document.php(48): ReflectionClass->getMethod()
#1 /var/www/html/web3/wp-content/plugins/elementor-pro/modules/theme-builder/documents/theme-document.php(129): ElementorPro\Modules\ThemeBuilder\Documents\Theme_Document::get_site_editor_type_bc()
#2 /var/www/html/web3/wp-content/plugins/elementor/core/common/modules/finder/categories/create.php(94): ElementorPro\Modules\ThemeBuilder\Documents\Theme_Document::get_create_url()
#3 /var/www/html/web3/wp-content/plugins/elementor/core/common/modules/finder/categories/create.php(67): Elementor\Core\Common\Modules\Finder\Categories\Create->create_item_url_by_document_class()
#4 /var/www/html/web3/wp-content/plugins/elementor/core/common/modules/finder/base-category.php(92): Elementor\Core\Common\Modules\Finder\Categories\Create->get_category_items()
#5 /var/www/html/web3/wp-content/plugins/elementor/core/base/base-object.php(142): Elementor\Core\Common\Modules\Finder\Base_Category->get_init_settings()
#6 /var/www/html/web3/wp-content/plugins/elementor/core/base/base-object.php(40): Elementor\Core\Base\Base_Object->ensure_settings()
#7 /var/www/html/web3/wp-content/plugins/elementor/core/common/modules/finder/module.php(107): Elementor\Core\Base\Base_Object->get_settings()
#8 /var/www/html/web3/wp-content/plugins/elementor/core/base/base-object.php(142): Elementor\Core\Common\Modules\Finder\Module->get_init_settings()
#9 /var/www/html/web3/wp-content/plugins/elementor/core/base/base-object.php(40): Elementor\Core\Base\Base_Object->ensure_settings()
#10 /var/www/html/web3/wp-content/plugins/elementor/core/base/app.php(59): Elementor\Core\Base\Base_Object->get_settings()
#11 /var/www/html/web3/wp-content/plugins/elementor/core/base/app.php(36): Elementor\Core\Base\App->get_components_config()
#12 /var/www/html/web3/wp-content/plugins/elementor/core/common/app.php(153): Elementor\Core\Base\App->print_config()
#13 /var/www/html/web3/wp-includes/class-wp-hook.php(308): Elementor\Core\Common\App->register_scripts()
#14 /var/www/html/web3/wp-includes/class-wp-hook.php(332): WP_Hook->apply_filters()
#15 /var/www/html/web3/wp-includes/plugin.php(517): WP_Hook->do_action()
#16 /var/www/html/web3/wp-admin/admin-header.php(118): do_action()
#17 /var/www/html/web3/wp-admin/plugins.php(605): require_once('...')
#18 {main}
  thrown dans /var/www/html/web3/wp-content/plugins/elementor-pro/modules/theme-builder/documents/theme-document.php à la ligne 48

2023-03-28T22:57:07+00:00 CRITICAL Uncaught ReflectionException: Method ElementorPro\Modules\ThemeBuilder\Documents\Section::get_site_editor_type() does not exist in /var/www/html/web3/wp-content/plugins/elementor-pro/modules/theme-builder/documents/theme-document.php:48
Stack trace:
#0 /var/www/html/web3/wp-content/plugins/elementor-pro/modules/theme-builder/documents/theme-document.php(48): ReflectionClass->getMethod()
#1 /var/www/html/web3/wp-content/plugins/elementor-pro/modules/theme-builder/documents/theme-document.php(129): ElementorPro\Modules\ThemeBuilder\Documents\Theme_Document::get_site_editor_type_bc()
#2 /var/www/html/web3/wp-content/plugins/elementor/core/common/modules/finder/categories/create.php(94): ElementorPro\Modules\ThemeBuilder\Documents\Theme_Document::get_create_url()
#3 /var/www/html/web3/wp-content/plugins/elementor/core/common/modules/finder/categories/create.php(67): Elementor\Core\Common\Modules\Finder\Categories\Create->create_item_url_by_document_class()
#4 /var/www/html/web3/wp-content/plugins/elementor/core/common/modules/finder/base-category.php(92): Elementor\Core\Common\Modules\Finder\Categories\Create->get_category_items()
#5 /var/www/html/web3/wp-content/plugins/elementor/core/base/base-object.php(142): Elementor\Core\Common\Modules\Finder\Base_Category->get_init_settings()
#6 /var/www/html/web3/wp-content/plugins/elementor/core/base/base-object.php(40): Elementor\Core\Base\Base_Object->ensure_settings()
#7 /var/www/html/web3/wp-content/plugins/elementor/core/common/modules/finder/module.php(107): Elementor\Core\Base\Base_Object->get_settings()
#8 /var/www/html/web3/wp-content/plugins/elementor/core/base/base-object.php(142): Elementor\Core\Common\Modules\Finder\Module->get_init_settings()
#9 /var/www/html/web3/wp-content/plugins/elementor/core/base/base-object.php(40): Elementor\Core\Base\Base_Object->ensure_settings()
#10 /var/www/html/web3/wp-content/plugins/elementor/core/base/app.php(59): Elementor\Core\Base\Base_Object->get_settings()
#11 /var/www/html/web3/wp-content/plugins/elementor/core/base/app.php(36): Elementor\Core\Base\App->get_components_config()
#12 /var/www/html/web3/wp-content/plugins/elementor/core/common/app.php(153): Elementor\Core\Base\App->print_config()
#13 /var/www/html/web3/wp-includes/class-wp-hook.php(308): Elementor\Core\Common\App->register_scripts()
#14 /var/www/html/web3/wp-includes/class-wp-hook.php(332): WP_Hook->apply_filters()
#15 /var/www/html/web3/wp-includes/plugin.php(517): WP_Hook->do_action()
#16 /var/www/html/web3/wp-includes/script-loader.php(2180): do_action()
#17 /var/www/html/web3/wp-includes/class-wp-hook.php(308): wp_enqueue_scripts()
#18 /var/www/html/web3/wp-includes/class-wp-hook.php(332): WP_Hook->apply_filters()
#19 /var/www/html/web3/wp-includes/plugin.php(517): WP_Hook->do_action()
#20 /var/www/html/web3/wp-includes/general-template.php(3043): do_action()
#21 /var/www/html/web3/wp-content/themes/alpha-color/header.php(15): wp_head()
#22 /var/www/html/web3/wp-includes/template.php(783): require_once('...')
#23 /var/www/html/web3/wp-includes/template.php(718): load_template()
#24 /var/www/html/web3/wp-includes/general-template.php(48): locate_template()
#25 /var/www/html/web3/wp-content/themes/alpha-color/front-page.php(10): get_header()
#26 /var/www/html/web3/wp-includes/template-loader.php(106): include('...')
#27 /var/www/html/web3/wp-blog-header.php(19): require_once('...')
#28 /var/www/html/web3/index.php(17): require('...')
#29 {main}
  thrown dans /var/www/html/web3/wp-content/plugins/elementor-pro/modules/theme-builder/documents/theme-document.php à la ligne 48

